TeamCode/build/intermediates/manifest_merge_blame_file/debug/manifest-merger-blame-debug-report.txt
1<?xml version="1.0" encoding="utf-8"?>
2<!--
3 Note: the actual manifest file used in your APK merges this file with contributions
4     from the modules on which your app depends (such as FtcRobotController, etc).
5     So it won't ultimately be as empty as it might here appear to be :-)
6-->
7<!-- The package name here determines the package for your R class and your BuildConfig class -->
8<manifest xmlns:android="http://schemas.android.com/apk/res/android"
9    package="com.qualcomm.ftcrobotcontroller"
10    android:versionCode="50"
11    android:versionName="8.2" >
12
13    <uses-sdk
14        android:minSdkVersion="24"
<<<<<<< HEAD
14-->src/main/AndroidManifest.xml
15        android:targetSdkVersion="28" />
15-->src/main/AndroidManifest.xml
16
17    <uses-permission android:name="android.permission.RECEIVE_BOOT_COMPLETED" />
17-->[:FtcRobotController] AndroidManifest.xml:12:5-81
17-->[:FtcRobotController] AndroidManifest.xml:12:22-78
18    <uses-permission
18-->[org.firstinspires.ftc:Blocks:8.2.0] AndroidManifest.xml:11:5-13:35
19        android:name="android.permission.WRITE_EXTERNAL_STORAGE"
19-->[org.firstinspires.ftc:Blocks:8.2.0] AndroidManifest.xml:12:9-65
20        android:required="true" />
20-->[org.firstinspires.ftc:Blocks:8.2.0] AndroidManifest.xml:13:9-32
21    <uses-permission
21-->[org.firstinspires.ftc:Blocks:8.2.0] AndroidManifest.xml:14:5-16:35
22        android:name="android.permission.READ_EXTERNAL_STORAGE"
22-->[org.firstinspires.ftc:Blocks:8.2.0] AndroidManifest.xml:15:9-64
23        android:required="true" />
23-->[org.firstinspires.ftc:Blocks:8.2.0] AndroidManifest.xml:16:9-32
24    <uses-permission
24-->[org.firstinspires.ftc:FtcCommon:8.2.0] AndroidManifest.xml:12:5-76
25        android:name="android.permission.ACCESS_WIFI_STATE"
25-->[org.firstinspires.ftc:FtcCommon:8.2.0] AndroidManifest.xml:12:22-73
26        android:required="true" />
26-->[org.firstinspires.ftc:RobotCore:8.2.0] AndroidManifest.xml:13:9-32
27    <uses-permission
27-->[org.firstinspires.ftc:FtcCommon:8.2.0] AndroidManifest.xml:19:5-21:35
28        android:name="android.permission.WRITE_SETTINGS"
28-->[org.firstinspires.ftc:FtcCommon:8.2.0] AndroidManifest.xml:20:9-57
29        android:required="true" />
29-->[org.firstinspires.ftc:FtcCommon:8.2.0] AndroidManifest.xml:21:9-32
30    <uses-permission android:name="android.permission.BLUETOOTH_ADMIN" />
30-->[org.firstinspires.ftc:Inspection:8.2.0] AndroidManifest.xml:12:5-74
30-->[org.firstinspires.ftc:Inspection:8.2.0] AndroidManifest.xml:12:22-71
31    <uses-permission
31-->[org.firstinspires.ftc:Inspection:8.2.0] AndroidManifest.xml:13:5-76
32        android:name="android.permission.CHANGE_WIFI_STATE"
32-->[org.firstinspires.ftc:Inspection:8.2.0] AndroidManifest.xml:13:22-73
33        android:required="true" />
33-->[org.firstinspires.ftc:RobotCore:8.2.0] AndroidManifest.xml:16:9-32
34    <uses-permission
34-->[org.firstinspires.ftc:Inspection:8.2.0] AndroidManifest.xml:14:5-79
35        android:name="android.permission.CHANGE_NETWORK_STATE"
35-->[org.firstinspires.ftc:Inspection:8.2.0] AndroidManifest.xml:14:22-76
36        android:required="true" />
36-->[org.firstinspires.ftc:RobotCore:8.2.0] AndroidManifest.xml:22:9-32
37    <uses-permission
37-->[org.firstinspires.ftc:Inspection:8.2.0] AndroidManifest.xml:15:5-67
38        android:name="android.permission.INTERNET"
38-->[org.firstinspires.ftc:Inspection:8.2.0] AndroidManifest.xml:15:22-64
39        android:required="true" />
39-->[org.firstinspires.ftc:RobotCore:8.2.0] AndroidManifest.xml:25:9-32
40    <uses-permission
40-->[org.firstinspires.ftc:Inspection:8.2.0] AndroidManifest.xml:16:5-79
41        android:name="android.permission.ACCESS_NETWORK_STATE"
41-->[org.firstinspires.ftc:Inspection:8.2.0] AndroidManifest.xml:16:22-76
42        android:required="true" />
42-->[org.firstinspires.ftc:RobotCore:8.2.0] AndroidManifest.xml:19:9-32
43    <uses-permission android:name="android.permission.BLUETOOTH" /> <!-- see AppUtil.setTimeZone() -->
43-->[org.firstinspires.ftc:Inspection:8.2.0] AndroidManifest.xml:17:5-68
43-->[org.firstinspires.ftc:Inspection:8.2.0] AndroidManifest.xml:17:22-65
44    <uses-permission
44-->[org.firstinspires.ftc:RobotCore:8.2.0] AndroidManifest.xml:42:5-44:35
45        android:name="android.permission.SET_TIME_ZONE"
45-->[org.firstinspires.ftc:RobotCore:8.2.0] AndroidManifest.xml:43:9-56
46        android:required="true" />
46-->[org.firstinspires.ftc:RobotCore:8.2.0] AndroidManifest.xml:44:9-32
=======
14-->src/main/AndroidManifest.xml
15        android:targetSdkVersion="28" />
15-->src/main/AndroidManifest.xml
16
17    <uses-permission android:name="android.permission.RECEIVE_BOOT_COMPLETED" />
17-->[:FtcRobotController] AndroidManifest.xml:12:5-81
17-->[:FtcRobotController] AndroidManifest.xml:12:22-78
18    <uses-permission
18-->[org.firstinspires.ftc:Blocks:8.2.0] AndroidManifest.xml:11:5-13:35
19        android:name="android.permission.WRITE_EXTERNAL_STORAGE"
19-->[org.firstinspires.ftc:Blocks:8.2.0] AndroidManifest.xml:12:9-65
20        android:required="true" />
20-->[org.firstinspires.ftc:Blocks:8.2.0] AndroidManifest.xml:13:9-32
21    <uses-permission
21-->[org.firstinspires.ftc:Blocks:8.2.0] AndroidManifest.xml:14:5-16:35
22        android:name="android.permission.READ_EXTERNAL_STORAGE"
22-->[org.firstinspires.ftc:Blocks:8.2.0] AndroidManifest.xml:15:9-64
23        android:required="true" />
23-->[org.firstinspires.ftc:Blocks:8.2.0] AndroidManifest.xml:16:9-32
24    <uses-permission
24-->[org.firstinspires.ftc:FtcCommon:8.2.0] AndroidManifest.xml:12:5-76
25        android:name="android.permission.ACCESS_WIFI_STATE"
25-->[org.firstinspires.ftc:FtcCommon:8.2.0] AndroidManifest.xml:12:22-73
26        android:required="true" />
26-->[org.firstinspires.ftc:RobotCore:8.2.0] AndroidManifest.xml:13:9-32
27    <uses-permission
27-->[org.firstinspires.ftc:FtcCommon:8.2.0] AndroidManifest.xml:19:5-21:35
28        android:name="android.permission.WRITE_SETTINGS"
28-->[org.firstinspires.ftc:FtcCommon:8.2.0] AndroidManifest.xml:20:9-57
29        android:required="true" />
29-->[org.firstinspires.ftc:FtcCommon:8.2.0] AndroidManifest.xml:21:9-32
30    <uses-permission android:name="android.permission.BLUETOOTH_ADMIN" />
30-->[org.firstinspires.ftc:Inspection:8.2.0] AndroidManifest.xml:12:5-74
30-->[org.firstinspires.ftc:Inspection:8.2.0] AndroidManifest.xml:12:22-71
31    <uses-permission
31-->[org.firstinspires.ftc:Inspection:8.2.0] AndroidManifest.xml:13:5-76
32        android:name="android.permission.CHANGE_WIFI_STATE"
32-->[org.firstinspires.ftc:Inspection:8.2.0] AndroidManifest.xml:13:22-73
33        android:required="true" />
33-->[org.firstinspires.ftc:RobotCore:8.2.0] AndroidManifest.xml:16:9-32
34    <uses-permission
34-->[org.firstinspires.ftc:Inspection:8.2.0] AndroidManifest.xml:14:5-79
35        android:name="android.permission.CHANGE_NETWORK_STATE"
35-->[org.firstinspires.ftc:Inspection:8.2.0] AndroidManifest.xml:14:22-76
36        android:required="true" />
36-->[org.firstinspires.ftc:RobotCore:8.2.0] AndroidManifest.xml:22:9-32
37    <uses-permission
37-->[org.firstinspires.ftc:Inspection:8.2.0] AndroidManifest.xml:15:5-67
38        android:name="android.permission.INTERNET"
38-->[org.firstinspires.ftc:Inspection:8.2.0] AndroidManifest.xml:15:22-64
39        android:required="true" />
39-->[org.firstinspires.ftc:RobotCore:8.2.0] AndroidManifest.xml:25:9-32
40    <uses-permission
40-->[org.firstinspires.ftc:Inspection:8.2.0] AndroidManifest.xml:16:5-79
41        android:name="android.permission.ACCESS_NETWORK_STATE"
41-->[org.firstinspires.ftc:Inspection:8.2.0] AndroidManifest.xml:16:22-76
42        android:required="true" />
42-->[org.firstinspires.ftc:RobotCore:8.2.0] AndroidManifest.xml:19:9-32
43    <uses-permission android:name="android.permission.BLUETOOTH" /> <!-- see AppUtil.setTimeZone() -->
43-->[org.firstinspires.ftc:Inspection:8.2.0] AndroidManifest.xml:17:5-68
43-->[org.firstinspires.ftc:Inspection:8.2.0] AndroidManifest.xml:17:22-65
44    <uses-permission
44-->[org.firstinspires.ftc:RobotCore:8.2.0] AndroidManifest.xml:42:5-44:35
45        android:name="android.permission.SET_TIME_ZONE"
45-->[org.firstinspires.ftc:RobotCore:8.2.0] AndroidManifest.xml:43:9-56
46        android:required="true" />
46-->[org.firstinspires.ftc:RobotCore:8.2.0] AndroidManifest.xml:44:9-32
>>>>>>> b0f740b3b3ef84e96aaab9787c3fd002160bf466
47    <!--
48  Note: we suspect that this (android.permission.WAKE_LOCK) is no
49  longer needed, but haven't yet found the time necessary to verify
50  that assertion before removing it
51    -->
52    <uses-permission
<<<<<<< HEAD
52-->[org.firstinspires.ftc:RobotCore:8.2.0] AndroidManifest.xml:51:5-53:35
53        android:name="android.permission.WAKE_LOCK"
53-->[org.firstinspires.ftc:RobotCore:8.2.0] AndroidManifest.xml:52:9-52
54        android:required="true" />
54-->[org.firstinspires.ftc:RobotCore:8.2.0] AndroidManifest.xml:53:9-32
55    <uses-permission android:name="android.permission.CAMERA" />
55-->[org.firstinspires.ftc:RobotCore:8.2.0] AndroidManifest.xml:54:5-65
55-->[org.firstinspires.ftc:RobotCore:8.2.0] AndroidManifest.xml:54:22-62
56    <uses-permission
56-->[org.firstinspires.ftc:RobotCore:8.2.0] AndroidManifest.xml:55:5-57:35
57        android:name="android.permission.ACCESS_COARSE_LOCATION"
57-->[org.firstinspires.ftc:RobotCore:8.2.0] AndroidManifest.xml:56:9-65
58        android:required="true" />
58-->[org.firstinspires.ftc:RobotCore:8.2.0] AndroidManifest.xml:57:9-32
59    <uses-permission
59-->[org.firstinspires.ftc:RobotCore:8.2.0] AndroidManifest.xml:58:5-60:35
60        android:name="android.permission.ACCESS_FINE_LOCATION"
60-->[org.firstinspires.ftc:RobotCore:8.2.0] AndroidManifest.xml:59:9-63
61        android:required="true" />
61-->[org.firstinspires.ftc:RobotCore:8.2.0] AndroidManifest.xml:60:9-32
62    <uses-permission
62-->[org.firstinspires.ftc:RobotCore:8.2.0] AndroidManifest.xml:61:5-63:35
63        android:name="android.permission.READ_PHONE_STATE"
63-->[org.firstinspires.ftc:RobotCore:8.2.0] AndroidManifest.xml:62:9-59
64        android:required="true" />
64-->[org.firstinspires.ftc:RobotCore:8.2.0] AndroidManifest.xml:63:9-32
65    <uses-permission
65-->[org.firstinspires.ftc:RobotCore:8.2.0] AndroidManifest.xml:66:5-68:35
66        android:name="com.revrobotics.permission.UPDATE_CONTROL_HUB"
66-->[org.firstinspires.ftc:RobotCore:8.2.0] AndroidManifest.xml:67:9-69
67        android:required="true" />
67-->[org.firstinspires.ftc:RobotCore:8.2.0] AndroidManifest.xml:68:9-32
68
69    <uses-feature android:name="android.hardware.usb.accessory" />
69-->[org.firstinspires.ftc:RobotCore:8.2.0] AndroidManifest.xml:70:5-67
69-->[org.firstinspires.ftc:RobotCore:8.2.0] AndroidManifest.xml:70:19-64
70    <uses-feature android:glEsVersion="0x00020000" />
70-->[org.firstinspires.ftc:RobotCore:8.2.0] AndroidManifest.xml:71:5-54
70-->[org.firstinspires.ftc:RobotCore:8.2.0] AndroidManifest.xml:71:19-51
=======
52-->[org.firstinspires.ftc:RobotCore:8.2.0] AndroidManifest.xml:51:5-53:35
53        android:name="android.permission.WAKE_LOCK"
53-->[org.firstinspires.ftc:RobotCore:8.2.0] AndroidManifest.xml:52:9-52
54        android:required="true" />
54-->[org.firstinspires.ftc:RobotCore:8.2.0] AndroidManifest.xml:53:9-32
55    <uses-permission android:name="android.permission.CAMERA" />
55-->[org.firstinspires.ftc:RobotCore:8.2.0] AndroidManifest.xml:54:5-65
55-->[org.firstinspires.ftc:RobotCore:8.2.0] AndroidManifest.xml:54:22-62
56    <uses-permission
56-->[org.firstinspires.ftc:RobotCore:8.2.0] AndroidManifest.xml:55:5-57:35
57        android:name="android.permission.ACCESS_COARSE_LOCATION"
57-->[org.firstinspires.ftc:RobotCore:8.2.0] AndroidManifest.xml:56:9-65
58        android:required="true" />
58-->[org.firstinspires.ftc:RobotCore:8.2.0] AndroidManifest.xml:57:9-32
59    <uses-permission
59-->[org.firstinspires.ftc:RobotCore:8.2.0] AndroidManifest.xml:58:5-60:35
60        android:name="android.permission.ACCESS_FINE_LOCATION"
60-->[org.firstinspires.ftc:RobotCore:8.2.0] AndroidManifest.xml:59:9-63
61        android:required="true" />
61-->[org.firstinspires.ftc:RobotCore:8.2.0] AndroidManifest.xml:60:9-32
62    <uses-permission
62-->[org.firstinspires.ftc:RobotCore:8.2.0] AndroidManifest.xml:61:5-63:35
63        android:name="android.permission.READ_PHONE_STATE"
63-->[org.firstinspires.ftc:RobotCore:8.2.0] AndroidManifest.xml:62:9-59
64        android:required="true" />
64-->[org.firstinspires.ftc:RobotCore:8.2.0] AndroidManifest.xml:63:9-32
65    <uses-permission
65-->[org.firstinspires.ftc:RobotCore:8.2.0] AndroidManifest.xml:66:5-68:35
66        android:name="com.revrobotics.permission.UPDATE_CONTROL_HUB"
66-->[org.firstinspires.ftc:RobotCore:8.2.0] AndroidManifest.xml:67:9-69
67        android:required="true" />
67-->[org.firstinspires.ftc:RobotCore:8.2.0] AndroidManifest.xml:68:9-32
68
69    <uses-feature android:name="android.hardware.usb.accessory" />
69-->[org.firstinspires.ftc:RobotCore:8.2.0] AndroidManifest.xml:70:5-67
69-->[org.firstinspires.ftc:RobotCore:8.2.0] AndroidManifest.xml:70:19-64
70    <uses-feature android:glEsVersion="0x00020000" />
70-->[org.firstinspires.ftc:RobotCore:8.2.0] AndroidManifest.xml:71:5-54
70-->[org.firstinspires.ftc:RobotCore:8.2.0] AndroidManifest.xml:71:19-51
>>>>>>> b0f740b3b3ef84e96aaab9787c3fd002160bf466
71    <!--
72        NOTE: Any application that requests the CAMERA permission but does not
73        declare any camera features with the <uses-feature> element will be
74        assumed to use all camera features (auto-focus and flash). Thus, the
75        application will not be compatible with devices that do not support
76        all camera features. We use <uses-feature> to declare only the
77        camera features that our application does need. For instance, if you
78        request the CAMERA permission, but you do not need auto-focus or
79        flash, then declare only the android.hardware.camera feature. The
80        other camera features that you do not request will no longer be
81        assumed as required.
82    -->
83    <uses-feature android:name="android.hardware.camera" />
<<<<<<< HEAD
83-->[org.firstinspires.ftc:RobotCore:8.2.0] AndroidManifest.xml:85:5-60
83-->[org.firstinspires.ftc:RobotCore:8.2.0] AndroidManifest.xml:85:19-57
84    <uses-feature
84-->[com.journeyapps:zxing-android-embedded:4.3.0] AndroidManifest.xml:28:5-30:36
85        android:name="android.hardware.camera.front"
85-->[com.journeyapps:zxing-android-embedded:4.3.0] AndroidManifest.xml:29:9-53
86        android:required="false" /> <!-- TODO replace above two with next line after Android 4.2 -->
86-->[com.journeyapps:zxing-android-embedded:4.3.0] AndroidManifest.xml:30:9-33
87    <!-- <uses-feature android:name="android.hardware.camera.any"/> -->
88    <uses-feature
88-->[com.journeyapps:zxing-android-embedded:4.3.0] AndroidManifest.xml:33:5-35:36
89        android:name="android.hardware.camera.autofocus"
89-->[com.journeyapps:zxing-android-embedded:4.3.0] AndroidManifest.xml:34:9-57
90        android:required="false" />
90-->[com.journeyapps:zxing-android-embedded:4.3.0] AndroidManifest.xml:35:9-33
91    <uses-feature
91-->[com.journeyapps:zxing-android-embedded:4.3.0] AndroidManifest.xml:36:5-38:36
92        android:name="android.hardware.camera.flash"
92-->[com.journeyapps:zxing-android-embedded:4.3.0] AndroidManifest.xml:37:9-53
93        android:required="false" />
93-->[com.journeyapps:zxing-android-embedded:4.3.0] AndroidManifest.xml:38:9-33
94    <uses-feature
94-->[com.journeyapps:zxing-android-embedded:4.3.0] AndroidManifest.xml:39:5-41:36
95        android:name="android.hardware.screen.landscape"
95-->[com.journeyapps:zxing-android-embedded:4.3.0] AndroidManifest.xml:40:9-57
96        android:required="false" />
96-->[com.journeyapps:zxing-android-embedded:4.3.0] AndroidManifest.xml:41:9-33
97    <uses-feature
97-->[com.journeyapps:zxing-android-embedded:4.3.0] AndroidManifest.xml:42:5-44:36
98        android:name="android.hardware.wifi"
98-->[com.journeyapps:zxing-android-embedded:4.3.0] AndroidManifest.xml:43:9-45
99        android:required="false" />
99-->[com.journeyapps:zxing-android-embedded:4.3.0] AndroidManifest.xml:44:9-33
100
101    <application
101-->src/main/AndroidManifest.xml:10:5-19
102        android:name="org.firstinspires.ftc.robotcore.internal.system.RobotApplication"
102-->[org.firstinspires.ftc:RobotCore:8.2.0] AndroidManifest.xml:87:18-97
103        android:allowBackup="true"
103-->[:FtcRobotController] AndroidManifest.xml:15:9-35
104        android:appComponentFactory="androidx.core.app.CoreComponentFactory"
104-->[androidx.core:core:1.3.0] AndroidManifest.xml:24:18-86
105        android:debuggable="true"
106        android:icon="@drawable/ic_launcher"
106-->[:FtcRobotController] AndroidManifest.xml:16:9-45
107        android:label="@string/app_name"
107-->[:FtcRobotController] AndroidManifest.xml:17:9-41
108        android:largeHeap="true"
108-->[:FtcRobotController] AndroidManifest.xml:18:9-33
109        android:testOnly="true"
110        android:theme="@style/AppThemeRedRC"
110-->[:FtcRobotController] AndroidManifest.xml:19:9-45
111        android:usesCleartextTraffic="true" > <!-- Indicates to the ControlHubUpdater what the latest version of the Control Hub is that this app supports -->
111-->[:FtcRobotController] AndroidManifest.xml:20:9-44
112        <meta-data
112-->[:FtcRobotController] AndroidManifest.xml:23:9-25:33
113            android:name="org.firstinspires.latestSupportedControlHubVersion"
113-->[:FtcRobotController] AndroidManifest.xml:24:13-78
114            android:value="1" /> <!-- The main robot controller activity -->
114-->[:FtcRobotController] AndroidManifest.xml:25:13-30
115        <activity
115-->[:FtcRobotController] AndroidManifest.xml:28:9-39:20
116            android:name="org.firstinspires.ftc.robotcontroller.internal.PermissionValidatorWrapper"
116-->[:FtcRobotController] AndroidManifest.xml:29:13-101
117            android:configChanges="orientation|screenSize"
117-->[:FtcRobotController] AndroidManifest.xml:30:13-59
118            android:label="@string/app_name"
118-->[:FtcRobotController] AndroidManifest.xml:31:13-45
119            android:launchMode="singleTask"
119-->[:FtcRobotController] AndroidManifest.xml:32:13-44
120            android:screenOrientation="fullUser" >
120-->[:FtcRobotController] AndroidManifest.xml:33:13-49
121            <intent-filter>
121-->[:FtcRobotController] AndroidManifest.xml:34:13-38:29
122                <category android:name="android.intent.category.LAUNCHER" />
122-->[:FtcRobotController] AndroidManifest.xml:35:17-77
122-->[:FtcRobotController] AndroidManifest.xml:35:27-74
123
124                <action android:name="android.intent.action.MAIN" />
124-->[:FtcRobotController] AndroidManifest.xml:37:17-69
124-->[:FtcRobotController] AndroidManifest.xml:37:25-66
125            </intent-filter>
126        </activity>
127        <activity
127-->[:FtcRobotController] AndroidManifest.xml:40:9-58:20
128            android:name="org.firstinspires.ftc.robotcontroller.internal.FtcRobotControllerActivity"
128-->[:FtcRobotController] AndroidManifest.xml:41:13-101
129            android:configChanges="orientation|screenSize"
129-->[:FtcRobotController] AndroidManifest.xml:42:13-59
130            android:label="@string/app_name"
130-->[:FtcRobotController] AndroidManifest.xml:43:13-45
131            android:launchMode="singleTask"
131-->[:FtcRobotController] AndroidManifest.xml:44:13-44
132            android:screenOrientation="fullUser" >
132-->[:FtcRobotController] AndroidManifest.xml:45:13-49
133            <intent-filter>
133-->[:FtcRobotController] AndroidManifest.xml:46:13-48:29
134                <action android:name="android.hardware.usb.action.USB_DEVICE_ATTACHED" />
134-->[:FtcRobotController] AndroidManifest.xml:47:17-90
134-->[:FtcRobotController] AndroidManifest.xml:47:25-87
135            </intent-filter>
136
137            <meta-data
137-->[:FtcRobotController] AndroidManifest.xml:50:13-52:57
138                android:name="android.hardware.usb.action.USB_DEVICE_ATTACHED"
138-->[:FtcRobotController] AndroidManifest.xml:51:17-79
139                android:resource="@xml/device_filter" />
139-->[:FtcRobotController] AndroidManifest.xml:52:17-54
140
141            <!-- org.firstinspires.main.entry indicates that this app is compatible with the Dragonboard Control Hub -->
142            <meta-data
142-->[:FtcRobotController] AndroidManifest.xml:55:13-57:40
143                android:name="org.firstinspires.main.entry"
143-->[:FtcRobotController] AndroidManifest.xml:56:17-60
144                android:value="true" />
144-->[:FtcRobotController] AndroidManifest.xml:57:17-37
145        </activity> <!-- The robot controller service in which most of the robot functionality is managed -->
146        <service
146-->[:FtcRobotController] AndroidManifest.xml:61:9-63:38
147            android:name="com.qualcomm.ftccommon.FtcRobotControllerService"
147-->[:FtcRobotController] AndroidManifest.xml:62:13-76
148            android:enabled="true" /> <!-- Assistant that autostarts the robot controller on android boot (if it's supposed to) -->
148-->[:FtcRobotController] AndroidManifest.xml:63:13-35
149        <receiver
149-->[:FtcRobotController] AndroidManifest.xml:66:9-77:20
150            android:name="org.firstinspires.ftc.ftccommon.internal.RunOnBoot"
150-->[:FtcRobotController] AndroidManifest.xml:67:13-78
151            android:enabled="true"
151-->[:FtcRobotController] AndroidManifest.xml:68:13-35
152            android:exported="true"
152-->[:FtcRobotController] AndroidManifest.xml:69:13-36
153            android:permission="android.permission.RECEIVE_BOOT_COMPLETED" >
153-->[:FtcRobotController] AndroidManifest.xml:70:13-75
154            <intent-filter>
154-->[:FtcRobotController] AndroidManifest.xml:71:13-76:29
155                <category android:name="android.intent.category.DEFAULT" />
155-->[:FtcRobotController] AndroidManifest.xml:72:17-76
155-->[:FtcRobotController] AndroidManifest.xml:72:27-73
156
157                <action android:name="android.intent.action.BOOT_COMPLETED" />
157-->[:FtcRobotController] AndroidManifest.xml:74:17-79
157-->[:FtcRobotController] AndroidManifest.xml:74:25-76
158                <action android:name="android.intent.action.QUICKBOOT_POWERON" />
158-->[:FtcRobotController] AndroidManifest.xml:75:17-82
158-->[:FtcRobotController] AndroidManifest.xml:75:25-79
=======
83-->[org.firstinspires.ftc:RobotCore:8.2.0] AndroidManifest.xml:85:5-60
83-->[org.firstinspires.ftc:RobotCore:8.2.0] AndroidManifest.xml:85:19-57
84    <uses-feature
84-->[com.journeyapps:zxing-android-embedded:4.3.0] AndroidManifest.xml:28:5-30:36
85        android:name="android.hardware.camera.front"
85-->[com.journeyapps:zxing-android-embedded:4.3.0] AndroidManifest.xml:29:9-53
86        android:required="false" /> <!-- TODO replace above two with next line after Android 4.2 -->
86-->[com.journeyapps:zxing-android-embedded:4.3.0] AndroidManifest.xml:30:9-33
87    <!-- <uses-feature android:name="android.hardware.camera.any"/> -->
88    <uses-feature
88-->[com.journeyapps:zxing-android-embedded:4.3.0] AndroidManifest.xml:33:5-35:36
89        android:name="android.hardware.camera.autofocus"
89-->[com.journeyapps:zxing-android-embedded:4.3.0] AndroidManifest.xml:34:9-57
90        android:required="false" />
90-->[com.journeyapps:zxing-android-embedded:4.3.0] AndroidManifest.xml:35:9-33
91    <uses-feature
91-->[com.journeyapps:zxing-android-embedded:4.3.0] AndroidManifest.xml:36:5-38:36
92        android:name="android.hardware.camera.flash"
92-->[com.journeyapps:zxing-android-embedded:4.3.0] AndroidManifest.xml:37:9-53
93        android:required="false" />
93-->[com.journeyapps:zxing-android-embedded:4.3.0] AndroidManifest.xml:38:9-33
94    <uses-feature
94-->[com.journeyapps:zxing-android-embedded:4.3.0] AndroidManifest.xml:39:5-41:36
95        android:name="android.hardware.screen.landscape"
95-->[com.journeyapps:zxing-android-embedded:4.3.0] AndroidManifest.xml:40:9-57
96        android:required="false" />
96-->[com.journeyapps:zxing-android-embedded:4.3.0] AndroidManifest.xml:41:9-33
97    <uses-feature
97-->[com.journeyapps:zxing-android-embedded:4.3.0] AndroidManifest.xml:42:5-44:36
98        android:name="android.hardware.wifi"
98-->[com.journeyapps:zxing-android-embedded:4.3.0] AndroidManifest.xml:43:9-45
99        android:required="false" />
99-->[com.journeyapps:zxing-android-embedded:4.3.0] AndroidManifest.xml:44:9-33
100
101    <application
101-->src/main/AndroidManifest.xml:10:5-19
102        android:name="org.firstinspires.ftc.robotcore.internal.system.RobotApplication"
102-->[org.firstinspires.ftc:RobotCore:8.2.0] AndroidManifest.xml:87:18-97
103        android:allowBackup="true"
103-->[:FtcRobotController] AndroidManifest.xml:15:9-35
104        android:appComponentFactory="androidx.core.app.CoreComponentFactory"
104-->[androidx.core:core:1.3.0] AndroidManifest.xml:24:18-86
105        android:debuggable="true"
106        android:icon="@drawable/ic_launcher"
106-->[:FtcRobotController] AndroidManifest.xml:16:9-45
107        android:label="@string/app_name"
107-->[:FtcRobotController] AndroidManifest.xml:17:9-41
108        android:largeHeap="true"
108-->[:FtcRobotController] AndroidManifest.xml:18:9-33
109        android:testOnly="true"
110        android:theme="@style/AppThemeRedRC"
110-->[:FtcRobotController] AndroidManifest.xml:19:9-45
111        android:usesCleartextTraffic="true" > <!-- Indicates to the ControlHubUpdater what the latest version of the Control Hub is that this app supports -->
111-->[:FtcRobotController] AndroidManifest.xml:20:9-44
112        <meta-data
112-->[:FtcRobotController] AndroidManifest.xml:23:9-25:33
113            android:name="org.firstinspires.latestSupportedControlHubVersion"
113-->[:FtcRobotController] AndroidManifest.xml:24:13-78
114            android:value="1" /> <!-- The main robot controller activity -->
114-->[:FtcRobotController] AndroidManifest.xml:25:13-30
115        <activity
115-->[:FtcRobotController] AndroidManifest.xml:28:9-39:20
116            android:name="org.firstinspires.ftc.robotcontroller.internal.PermissionValidatorWrapper"
116-->[:FtcRobotController] AndroidManifest.xml:29:13-101
117            android:configChanges="orientation|screenSize"
117-->[:FtcRobotController] AndroidManifest.xml:30:13-59
118            android:label="@string/app_name"
118-->[:FtcRobotController] AndroidManifest.xml:31:13-45
119            android:launchMode="singleTask"
119-->[:FtcRobotController] AndroidManifest.xml:32:13-44
120            android:screenOrientation="fullUser" >
120-->[:FtcRobotController] AndroidManifest.xml:33:13-49
121            <intent-filter>
121-->[:FtcRobotController] AndroidManifest.xml:34:13-38:29
122                <category android:name="android.intent.category.LAUNCHER" />
122-->[:FtcRobotController] AndroidManifest.xml:35:17-77
122-->[:FtcRobotController] AndroidManifest.xml:35:27-74
123
124                <action android:name="android.intent.action.MAIN" />
124-->[:FtcRobotController] AndroidManifest.xml:37:17-69
124-->[:FtcRobotController] AndroidManifest.xml:37:25-66
125            </intent-filter>
126        </activity>
127        <activity
127-->[:FtcRobotController] AndroidManifest.xml:40:9-58:20
128            android:name="org.firstinspires.ftc.robotcontroller.internal.FtcRobotControllerActivity"
128-->[:FtcRobotController] AndroidManifest.xml:41:13-101
129            android:configChanges="orientation|screenSize"
129-->[:FtcRobotController] AndroidManifest.xml:42:13-59
130            android:label="@string/app_name"
130-->[:FtcRobotController] AndroidManifest.xml:43:13-45
131            android:launchMode="singleTask"
131-->[:FtcRobotController] AndroidManifest.xml:44:13-44
132            android:screenOrientation="fullUser" >
132-->[:FtcRobotController] AndroidManifest.xml:45:13-49
133            <intent-filter>
133-->[:FtcRobotController] AndroidManifest.xml:46:13-48:29
134                <action android:name="android.hardware.usb.action.USB_DEVICE_ATTACHED" />
134-->[:FtcRobotController] AndroidManifest.xml:47:17-90
134-->[:FtcRobotController] AndroidManifest.xml:47:25-87
135            </intent-filter>
136
137            <meta-data
137-->[:FtcRobotController] AndroidManifest.xml:50:13-52:57
138                android:name="android.hardware.usb.action.USB_DEVICE_ATTACHED"
138-->[:FtcRobotController] AndroidManifest.xml:51:17-79
139                android:resource="@xml/device_filter" />
139-->[:FtcRobotController] AndroidManifest.xml:52:17-54
140
141            <!-- org.firstinspires.main.entry indicates that this app is compatible with the Dragonboard Control Hub -->
142            <meta-data
142-->[:FtcRobotController] AndroidManifest.xml:55:13-57:40
143                android:name="org.firstinspires.main.entry"
143-->[:FtcRobotController] AndroidManifest.xml:56:17-60
144                android:value="true" />
144-->[:FtcRobotController] AndroidManifest.xml:57:17-37
145        </activity> <!-- The robot controller service in which most of the robot functionality is managed -->
146        <service
146-->[:FtcRobotController] AndroidManifest.xml:61:9-63:38
147            android:name="com.qualcomm.ftccommon.FtcRobotControllerService"
147-->[:FtcRobotController] AndroidManifest.xml:62:13-76
148            android:enabled="true" /> <!-- Assistant that autostarts the robot controller on android boot (if it's supposed to) -->
148-->[:FtcRobotController] AndroidManifest.xml:63:13-35
149        <receiver
149-->[:FtcRobotController] AndroidManifest.xml:66:9-77:20
150            android:name="org.firstinspires.ftc.ftccommon.internal.RunOnBoot"
150-->[:FtcRobotController] AndroidManifest.xml:67:13-78
151            android:enabled="true"
151-->[:FtcRobotController] AndroidManifest.xml:68:13-35